0 info it worked if it ends with ok
1 verbose cli [ '/usr/local/bin/node', '/usr/local/bin/npm', 'install' ]
2 info using npm@2.7.0
3 info using node@v0.13.0-pre
4 warn package.json no-skeleton.docpad@0.1.0 No repository field.
5 verbose install where, deps [ '/Users/divijmehra/Documents/StockRender/StockRenderHome/SR-home',
5 verbose install   [ 'docpad' ] ]
6 verbose install where, peers [ '/Users/divijmehra/Documents/StockRender/StockRenderHome/SR-home',
6 verbose install   [] ]
7 info preinstall no-skeleton.docpad@0.1.0
8 silly cache add args [ 'docpad@~6.78.1', null ]
9 verbose cache add spec docpad@~6.78.1
10 silly cache add parsed spec { raw: 'docpad@~6.78.1',
10 silly cache add   scope: null,
10 silly cache add   name: 'docpad',
10 silly cache add   rawSpec: '~6.78.1',
10 silly cache add   spec: '>=6.78.1 <6.79.0',
10 silly cache add   type: 'range' }
11 verbose addNamed docpad@>=6.78.1 <6.79.0
12 silly addNamed semver.valid null
13 silly addNamed semver.validRange >=6.78.1 <6.79.0
14 silly addNameRange { name: 'docpad', range: '>=6.78.1 <6.79.0', hasData: false }
15 silly mapToRegistry name docpad
16 silly mapToRegistry using default registry
17 silly mapToRegistry registry https://registry.npmjs.org/
18 silly mapToRegistry uri https://registry.npmjs.org/docpad
19 verbose addNameRange registry:https://registry.npmjs.org/docpad not in flight; fetching
20 verbose request uri https://registry.npmjs.org/docpad
21 verbose request no auth needed
22 info attempt registry request try #1 at 15:48:02
23 verbose request id d921923d8eef99d3
24 verbose etag "9PBNBPO6JF5CJO3OQ414SFU5I"
25 http request GET https://registry.npmjs.org/docpad
26 http 304 https://registry.npmjs.org/docpad
27 silly get cb [ 304,
27 silly get   { date: 'Tue, 09 Jun 2015 19:48:02 GMT',
27 silly get     via: '1.1 varnish',
27 silly get     'cache-control': 'max-age=60',
27 silly get     etag: '"9PBNBPO6JF5CJO3OQ414SFU5I"',
27 silly get     age: '0',
27 silly get     connection: 'keep-alive',
27 silly get     'x-served-by': 'cache-jfk1024-JFK',
27 silly get     'x-cache': 'MISS',
27 silly get     'x-cache-hits': '0',
27 silly get     'x-timer': 'S1433879282.323553,VS0,VE508',
27 silly get     vary: 'Accept' } ]
28 verbose etag https://registry.npmjs.org/docpad from cache
29 verbose get saving docpad to /Users/divijmehra/.npm/registry.npmjs.org/docpad/.cache.json
30 silly addNameRange number 2 { name: 'docpad', range: '>=6.78.1 <6.79.0', hasData: true }
31 silly addNameRange versions [ 'docpad',
31 silly addNameRange   [ '0.1.0',
31 silly addNameRange     '0.4.0',
31 silly addNameRange     '0.5.0',
31 silly addNameRange     '0.5.1',
31 silly addNameRange     '0.6.0',
31 silly addNameRange     '0.6.1',
31 silly addNameRange     '0.7.0',
31 silly addNameRange     '0.8.0',
31 silly addNameRange     '0.8.1',
31 silly addNameRange     '0.8.3',
31 silly addNameRange     '0.9.0',
31 silly addNameRange     '0.9.1',
31 silly addNameRange     '0.9.2',
31 silly addNameRange     '0.9.3',
31 silly addNameRange     '0.9.4',
31 silly addNameRange     '0.9.5',
31 silly addNameRange     '0.9.6',
31 silly addNameRange     '0.9.7',
31 silly addNameRange     '0.9.8',
31 silly addNameRange     '0.9.9',
31 silly addNameRange     '0.9.10',
31 silly addNameRange     '0.9.11',
31 silly addNameRange     '0.9.12',
31 silly addNameRange     '0.9.13',
31 silly addNameRange     '0.9.14',
31 silly addNameRange     '0.9.15',
31 silly addNameRange     '0.9.16',
31 silly addNameRange     '0.9.17',
31 silly addNameRange     '0.9.18',
31 silly addNameRange     '0.9.19',
31 silly addNameRange     '0.9.20',
31 silly addNameRange     '0.9.21',
31 silly addNameRange     '0.9.22',
31 silly addNameRange     '0.10.0',
31 silly addNameRange     '1.0.0',
31 silly addNameRange     '1.0.1',
31 silly addNameRange     '1.0.2',
31 silly addNameRange     '1.0.3',
31 silly addNameRange     '1.1.1',
31 silly addNameRange     '1.1.2',
31 silly addNameRange     '1.1.3',
31 silly addNameRange     '1.1.4',
31 silly addNameRange     '1.1.6',
31 silly addNameRange     '1.2.0',
31 silly addNameRange     '1.2.1',
31 silly addNameRange     '1.2.2',
31 silly addNameRange     '1.2.3',
31 silly addNameRange     '1.2.4',
31 silly addNameRange     '1.2.5',
31 silly addNameRange     '1.3.0',
31 silly addNameRange     '1.3.1',
31 silly addNameRange     '1.3.2',
31 silly addNameRange     '1.3.3',
31 silly addNameRange     '1.3.5',
31 silly addNameRange     '1.3.6',
31 silly addNameRange     '1.3.7',
31 silly addNameRange     '1.3.8',
31 silly addNameRange     '1.4.0',
31 silly addNameRange     '1.4.1',
31 silly addNameRange     '2.0.0',
31 silly addNameRange     '2.0.1',
31 silly addNameRange     '2.0.2',
31 silly addNameRange     '2.1.0',
31 silly addNameRange     '2.1.1',
31 silly addNameRange     '2.2.0',
31 silly addNameRange     '2.2.1',
31 silly addNameRange     '2.3.0',
31 silly addNameRange     '2.3.1',
31 silly addNameRange     '2.3.2',
31 silly addNameRange     '2.3.3',
31 silly addNameRange     '2.3.4',
31 silly addNameRange     '2.3.5',
31 silly addNameRange     '2.3.6',
31 silly addNameRange     '2.3.7',
31 silly addNameRange     '2.3.8',
31 silly addNameRange     '2.4.0',
31 silly addNameRange     '2.5.0',
31 silly addNameRange     '2.6.0',
31 silly addNameRange     '2.6.1',
31 silly addNameRange     '3.2.0',
31 silly addNameRange     '3.2.1',
31 silly addNameRange     '3.2.2',
31 silly addNameRange     '3.2.3',
31 silly addNameRange     '3.2.4',
31 silly addNameRange     '3.2.5',
31 silly addNameRange     '3.2.6',
31 silly addNameRange     '3.2.7',
31 silly addNameRange     '3.2.8',
31 silly addNameRange     '3.3.0',
31 silly addNameRange     '3.3.1',
31 silly addNameRange     '3.3.2',
31 silly addNameRange     '4.0.0',
31 silly addNameRange     '4.0.1',
31 silly addNameRange     '4.0.2',
31 silly addNameRange     '4.0.3',
31 silly addNameRange     '4.1.0',
31 silly addNameRange     '4.1.1',
31 silly addNameRange     '5.0.0',
31 silly addNameRange     '5.0.1',
31 silly addNameRange     '5.0.2',
31 silly addNameRange     '5.0.3',
31 silly addNameRange     '5.0.4',
31 silly addNameRange     '5.0.5',
31 silly addNameRange     '5.1.0',
31 silly addNameRange     '5.1.1',
31 silly addNameRange     '5.1.2',
31 silly addNameRange     '5.2.0',
31 silly addNameRange     '5.2.1',
31 silly addNameRange     '5.2.2',
31 silly addNameRange     '5.2.3',
31 silly addNameRange     '5.2.4',
31 silly addNameRange     '5.2.5',
31 silly addNameRange     '6.0.0',
31 silly addNameRange     '6.0.2',
31 silly addNameRange     '6.0.3',
31 silly addNameRange     '6.0.4',
31 silly addNameRange     '6.0.5',
31 silly addNameRange     '6.0.6',
31 silly addNameRange     '6.0.7',
31 silly addNameRange     '6.0.8',
31 silly addNameRange     '6.0.9',
31 silly addNameRange     '6.0.10',
31 silly addNameRange     '6.0.11',
31 silly addNameRange     '6.0.12',
31 silly addNameRange     '6.0.13',
31 silly addNameRange     '6.0.14',
31 silly addNameRange     '6.1.0',
31 silly addNameRange     '6.1.2',
31 silly addNameRange     '6.1.3',
31 silly addNameRange     '6.2.0',
31 silly addNameRange     '6.3.0',
31 silly addNameRange     '6.3.1',
31 silly addNameRange     '6.3.2',
31 silly addNameRange     '6.3.3',
31 silly addNameRange     '6.4.0',
31 silly addNameRange     '6.4.1',
31 silly addNameRange     '6.4.2',
31 silly addNameRange     '6.5.0-dev',
31 silly addNameRange     '6.5.1-dev',
31 silly addNameRange     '6.5.2-dev',
31 silly addNameRange     '6.5.3-dev',
31 silly addNameRange     '6.5.4',
31 silly addNameRange     '6.5.5',
31 silly addNameRange     '6.5.6',
31 silly addNameRange     '6.5.7',
31 silly addNameRange     '6.6.1',
31 silly addNameRange     '6.6.2',
31 silly addNameRange     '6.6.3',
31 silly addNameRange     '6.6.4',
31 silly addNameRange     '6.6.5',
31 silly addNameRange     '6.6.6',
31 silly addNameRange     '6.6.7',
31 silly addNameRange     '6.6.8',
31 silly addNameRange     '6.7.0',
31 silly addNameRange     '6.7.1',
31 silly addNameRange     '6.7.2',
31 silly addNameRange     '6.7.3',
31 silly addNameRange     '6.7.4',
31 silly addNameRange     '6.8.0',
31 silly addNameRange     '6.8.1',
31 silly addNameRange     '6.8.2',
31 silly addNameRange     '6.8.3',
31 silly addNameRange     '6.8.4',
31 silly addNameRange     '6.9.0',
31 silly addNameRange     '6.9.1',
31 silly addNameRange     '6.9.2',
31 silly addNameRange     '6.10.0',
31 silly addNameRange     '6.11.0',
31 silly addNameRange     '6.11.1',
31 silly addNameRange     '6.12.0',
31 silly addNameRange     '6.12.1',
31 silly addNameRange     '6.13.0',
31 silly addNameRange     '6.13.1',
31 silly addNameRange     '6.13.2',
31 silly addNameRange     '6.13.3',
31 silly addNameRange     '6.13.4',
31 silly addNameRange     '6.14.0',
31 silly addNameRange     '6.15.0',
31 silly addNameRange     '6.16.0',
31 silly addNameRange     '6.17.0',
31 silly addNameRange     '6.17.1',
31 silly addNameRange     '6.17.2',
31 silly addNameRange     '6.17.3',
31 silly addNameRange     '6.18.0',
31 silly addNameRange     '6.19.0',
31 silly addNameRange     '6.20.0',
31 silly addNameRange     '6.20.1',
31 silly addNameRange     '6.21.0',
31 silly addNameRange     '6.21.1',
31 silly addNameRange     '6.21.2',
31 silly addNameRange     '6.21.3',
31 silly addNameRange     '6.21.4',
31 silly addNameRange     '6.21.5',
31 silly addNameRange     '6.21.6',
31 silly addNameRange     '6.21.7',
31 silly addNameRange     '6.21.8',
31 silly addNameRange     '6.21.9',
31 silly addNameRange     '6.21.10',
31 silly addNameRange     '6.22.0',
31 silly addNameRange     '6.23.0',
31 silly addNameRange     '6.24.0',
31 silly addNameRange     '6.24.1',
31 silly addNameRange     '6.24.2',
31 silly addNameRange     '6.25.0',
31 silly addNameRange     '6.26.0',
31 silly addNameRange     '6.26.1',
31 silly addNameRange     '6.26.2',
31 silly addNameRange     '6.27.0',
31 silly addNameRange     '6.28.0',
31 silly addNameRange     '6.29.0',
31 silly addNameRange     '6.30.0',
31 silly addNameRange     '6.30.1',
31 silly addNameRange     '6.30.2',
31 silly addNameRange     '6.30.3',
31 silly addNameRange     '6.30.4',
31 silly addNameRange     '6.30.5',
31 silly addNameRange     '6.31.0',
31 silly addNameRange     '6.31.1',
31 silly addNameRange     '6.31.2',
31 silly addNameRange     '6.31.3',
31 silly addNameRange     '6.31.4',
31 silly addNameRange     '6.31.5',
31 silly addNameRange     '6.31.6',
31 silly addNameRange     '6.32.0',
31 silly addNameRange     '6.33.0',
31 silly addNameRange     '6.34.0',
31 silly addNameRange     '6.34.1',
31 silly addNameRange     '6.34.2',
31 silly addNameRange     '6.35.0',
31 silly addNameRange     '6.36.0',
31 silly addNameRange     '6.36.1',
31 silly addNameRange     '6.36.2',
31 silly addNameRange     '6.37.0',
31 silly addNameRange     '6.37.1',
31 silly addNameRange     '6.38.0',
31 silly addNameRange     '6.38.1',
31 silly addNameRange     '6.39.0',
31 silly addNameRange     '6.40.0',
31 silly addNameRange     '6.41.0',
31 silly addNameRange     '6.42.0',
31 silly addNameRange     '6.42.1',
31 silly addNameRange     '6.42.2',
31 silly addNameRange     '6.42.3',
31 silly addNameRange     '6.43.0',
31 silly addNameRange     '6.43.1',
31 silly addNameRange     '6.43.2',
31 silly addNameRange     '6.44.0',
31 silly addNameRange     '6.45.0',
31 silly addNameRange     '6.45.1',
31 silly addNameRange     '6.46.0',
31 silly addNameRange     '6.46.1',
31 silly addNameRange     '6.46.2',
31 silly addNameRange     '6.46.3',
31 silly addNameRange     '6.46.4',
31 silly addNameRange     '6.46.5',
31 silly addNameRange     '6.47.0',
31 silly addNameRange     '6.48.0',
31 silly addNameRange     '6.48.1',
31 silly addNameRange     '6.49.0',
31 silly addNameRange     '6.49.1',
31 silly addNameRange     '6.49.2',
31 silly addNameRange     '6.50.0',
31 silly addNameRange     '6.50.1',
31 silly addNameRange     '6.51.0',
31 silly addNameRange     '6.51.1',
31 silly addNameRange     '6.51.2',
31 silly addNameRange     '6.51.3',
31 silly addNameRange     '6.51.4',
31 silly addNameRange     '6.51.5',
31 silly addNameRange     '6.51.6',
31 silly addNameRange     '6.52.0',
31 silly addNameRange     '6.52.1',
31 silly addNameRange     '6.52.2',
31 silly addNameRange     '6.53.0',
31 silly addNameRange     '6.53.1',
31 silly addNameRange     '6.53.2',
31 silly addNameRange     '6.53.3',
31 silly addNameRange     '6.53.4',
31 silly addNameRange     '6.54.0',
31 silly addNameRange     '6.54.1',
31 silly addNameRange     '6.54.2',
31 silly addNameRange     '6.54.3',
31 silly addNameRange     '6.54.4',
31 silly addNameRange     '6.54.5',
31 silly addNameRange     '6.54.6',
31 silly addNameRange     '6.54.7',
31 silly addNameRange     '6.54.8',
31 silly addNameRange     '6.54.9',
31 silly addNameRange     '6.54.10',
31 silly addNameRange     '6.55.0',
31 silly addNameRange     '6.55.1',
31 silly addNameRange     '6.55.2',
31 silly addNameRange     '6.55.3',
31 silly addNameRange     '6.55.4',
31 silly addNameRange     '6.55.5',
31 silly addNameRange     '6.55.6',
31 silly addNameRange     '6.63.3',
31 silly addNameRange     '6.63.4',
31 silly addNameRange     '6.63.5',
31 silly addNameRange     '6.63.6',
31 silly addNameRange     '6.63.7',
31 silly addNameRange     '6.63.8',
31 silly addNameRange     '6.55.8',
31 silly addNameRange     '6.55.9',
31 silly addNameRange     '6.56.0',
31 silly addNameRange     '6.57.0',
31 silly addNameRange     '6.57.1',
31 silly addNameRange     '6.57.2',
31 silly addNameRange     '6.57.3',
31 silly addNameRange     '6.58.0',
31 silly addNameRange     '6.58.1',
31 silly addNameRange     '6.58.2',
31 silly addNameRange     '6.59.0',
31 silly addNameRange     '6.59.1',
31 silly addNameRange     '6.59.2',
31 silly addNameRange     '6.59.3',
31 silly addNameRange     '6.59.4',
31 silly addNameRange     '6.59.5',
31 silly addNameRange     '6.59.6',
31 silly addNameRange     '6.60.0',
31 silly addNameRange     '6.60.1',
31 silly addNameRange     '6.60.2',
31 silly addNameRange     '6.60.3',
31 silly addNameRange     '6.60.4',
31 silly addNameRange     '6.61.0',
31 silly addNameRange     '6.62.0',
31 silly addNameRange     '6.63.0',
31 silly addNameRange     '6.63.1',
31 silly addNameRange     '6.63.2',
31 silly addNameRange     '6.64.0',
31 silly addNameRange     '6.64.1',
31 silly addNameRange     '6.64.2',
31 silly addNameRange     '6.64.3',
31 silly addNameRange     '6.65.0',
31 silly addNameRange     '6.66.0',
31 silly addNameRange     '6.67.0',
31 silly addNameRange     '6.68.0',
31 silly addNameRange     '6.68.1',
31 silly addNameRange     '6.69.0',
31 silly addNameRange     '6.69.1',
31 silly addNameRange     '6.69.2',
31 silly addNameRange     '6.70.0',
31 silly addNameRange     '6.70.1',
31 silly addNameRange     '6.71.0',
31 silly addNameRange     '6.71.1',
31 silly addNameRange     '6.72.0',
31 silly addNameRange     '6.72.1',
31 silly addNameRange     '6.73.0',
31 silly addNameRange     '6.73.1',
31 silly addNameRange     '6.73.2',
31 silly addNameRange     '6.73.3',
31 silly addNameRange     '6.73.4',
31 silly addNameRange     '6.73.5',
31 silly addNameRange     '6.74.0',
31 silly addNameRange     '6.75.0',
31 silly addNameRange     '6.75.1',
31 silly addNameRange     '6.75.2',
31 silly addNameRange     '6.76.0',
31 silly addNameRange     '6.76.1',
31 silly addNameRange     '6.77.0',
31 silly addNameRange     '6.77.1',
31 silly addNameRange     '6.78.0',
31 silly addNameRange     '6.78.1' ] ]
32 verbose addNamed docpad@6.78.1
33 silly addNamed semver.valid 6.78.1
34 silly addNamed semver.validRange 6.78.1
35 silly cache afterAdd docpad@6.78.1
36 verbose afterAdd /Users/divijmehra/.npm/docpad/6.78.1/package/package.json not in flight; writing
37 verbose afterAdd /Users/divijmehra/.npm/docpad/6.78.1/package/package.json written
38 silly install resolved [ { title: 'DocPad. Streamlined web development.',
38 silly install resolved     name: 'docpad',
38 silly install resolved     version: '6.78.1',
38 silly install resolved     description: 'DocPad is a dynamic static site generator. Write your content as files, or import your content from other external sources. Render the content with plugins. And deploy your static or dynamic website to your favourite hosting provider.',
38 silly install resolved     homepage: 'http://docpad.org',
38 silly install resolved     installUrl: 'http://docpad.org/install',
38 silly install resolved     upgradeUrl: 'http://docpad.org/upgrade',
38 silly install resolved     license: { type: 'MIT', url: 'http://docpad.org/license' },
38 silly install resolved     badges:
38 silly install resolved      { travis: true,
38 silly install resolved        npm: true,
38 silly install resolved        npmdownloads: true,
38 silly install resolved        david: true,
38 silly install resolved        daviddev: true,
38 silly install resolved        gratipay: 'docpad',
38 silly install resolved        flattr: '344188/balupton-on-Flattr',
38 silly install resolved        paypal: 'QB8GQPZAH84N6',
38 silly install resolved        bitcoin: 'https://coinbase.com/checkouts/9ef59f5479eec1d97d63382c9ebcb93a',
38 silly install resolved        wishlist: 'http://amzn.com/w/2F8TXKSNAFG4V' },
38 silly install resolved     keywords:
38 silly install resolved      [ 'document management system',
38 silly install resolved        'dms',
38 silly install resolved        'content management system',
38 silly install resolved        'cms',
38 silly install resolved        'static site generator',
38 silly install resolved        'generator',
38 silly install resolved        'static file server',
38 silly install resolved        'server',
38 silly install resolved        'web',
38 silly install resolved        'web framework',
38 silly install resolved        'framework',
38 silly install resolved        'web development',
38 silly install resolved        'development',
38 silly install resolved        'dev',
38 silly install resolved        'build and deployment',
38 silly install resolved        'builder',
38 silly install resolved        'build',
38 silly install resolved        'compiler',
38 silly install resolved        'compile',
38 silly install resolved        'parser',
38 silly install resolved        'parse',
38 silly install resolved        'renderer',
38 silly install resolved        'render',
38 silly install resolved        'templating',
38 silly install resolved        'templates',
38 silly install resolved        'language agnostic',
38 silly install resolved        'website',
38 silly install resolved        'blog',
38 silly install resolved        'cli',
38 silly install resolved        'tool',
38 silly install resolved        'utility',
38 silly install resolved        'scaffold' ],
38 silly install resolved     author:
38 silly install resolved      { name: '2012+ Bevry Pty Ltd',
38 silly install resolved        email: 'us@bevry.me',
38 silly install resolved        url: 'http://bevry.me' },
38 silly install resolved     sponsors:
38 silly install resolved      [ 'Myplanet Digital <hello@myplanetdigital.com> (http://www.myplanetdigital.com)',
38 silly install resolved        'Meeho! <info@meeho.net> (http://www.meeho.net)',
38 silly install resolved        'Prismatik <hello@prismatik.com.au> (http://www.prismatik.com.au)' ],
38 silly install resolved     maintainers: [ [Object], [Object], [Object] ],
38 silly install resolved     contributors:
38 silly install resolved      [ [Object],
38 silly install resolved        [Object],
38 silly install resolved        [Object],
38 silly install resolved        [Object],
38 silly install resolved        [Object],
38 silly install resolved        [Object],
38 silly install resolved        [Object],
38 silly install resolved        [Object],
38 silly install resolved        [Object],
38 silly install resolved        [Object],
38 silly install resolved        [Object],
38 silly install resolved        [Object],
38 silly install resolved        [Object],
38 silly install resolved        [Object],
38 silly install resolved        [Object],
38 silly install resolved        [Object],
38 silly install resolved        [Object],
38 silly install resolved        [Object],
38 silly install resolved        [Object],
38 silly install resolved        [Object],
38 silly install resolved        [Object],
38 silly install resolved        [Object],
38 silly install resolved        [Object],
38 silly install resolved        [Object],
38 silly install resolved        [Object],
38 silly install resolved        [Object],
38 silly install resolved        [Object],
38 silly install resolved        [Object],
38 silly install resolved        [Object],
38 silly install resolved        [Object],
38 silly install resolved        [Object],
38 silly install resolved        [Object],
38 silly install resolved        [Object],
38 silly install resolved        [Object],
38 silly install resolved        [Object],
38 silly install resolved        [Object],
38 silly install resolved        [Object],
38 silly install resolved        [Object],
38 silly install resolved        [Object],
38 silly install resolved        [Object],
38 silly install resolved        [Object],
38 silly install resolved        [Object],
38 silly install resolved        [Object] ],
38 silly install resolved     bugs: { url: 'https://github.com/docpad/docpad/issues' },
38 silly install resolved     repository: { type: 'git', url: 'http://github.com/docpad/docpad.git' },
38 silly install resolved     engines: { node: '>=0.10', npm: '>=2.5.0' },
38 silly install resolved     dependencies:
38 silly install resolved      { ambi: '^2.2.0',
38 silly install resolved        backbone: '1.1.2',
38 silly install resolved        'bal-util': '~2.5.1',
38 silly install resolved        caterpillar: '^2.0.9',
38 silly install resolved        'caterpillar-filter': '^2.0.3',
38 silly install resolved        'caterpillar-human': '^2.1.1',
38 silly install resolved        commander: '^2.7.1',
38 silly install resolved        csextends: '^1.0.3',
38 silly install resolved        cson: '^3.0.1',
38 silly install resolved        eachr: '^2.0.2',
38 silly install resolved        encoding: '~0.1.11',
38 silly install resolved        envfile: '^1.0.0',
38 silly install resolved        'event-emitter-grouped': '^2.4.3',
38 silly install resolved        express: '^3.20.1',
38 silly install resolved        extendr: '^2.1.0',
38 silly install resolved        'extract-opts': '^3.0.1',
38 silly install resolved        getmac: '^1.0.6',
38 silly install resolved        ignorefs: '^1.0.0',
38 silly install resolved        istextorbinary: '^1.0.0',
38 silly install resolved        jschardet: '~1.1.0',
38 silly install resolved        'lazy-require': '^2.0.0',
38 silly install resolved        'method-override': '^2.3.2',
38 silly install resolved        mime: '^1.3.4',
38 silly install resolved        progressbar: '^1.0.3',
38 silly install resolved        promptly: '~0.2.1',
38 silly install resolved        'query-engine': '~1.5.5',
38 silly install resolved        rimraf: '^2.2.8',
38 silly install resolved        safefs: '^3.1.2',
38 silly install resolved        safeps: '^4.0.0',
38 silly install resolved        scandirectory: '^2.5.0',
38 silly install resolved        semver: '^4.3.0',
38 silly install resolved        superagent: '^1.1.0',
38 silly install resolved        taskgroup: '^4.2.1',
38 silly install resolved        typechecker: '^2.0.8',
38 silly install resolved        underscore: '^1.8.2',
38 silly install resolved        watchr: '^2.4.13',
38 silly install resolved        yamljs: '~0.2.1' },
38 silly install resolved     optionalDependencies: {},
38 silly install resolved     devDependencies:
38 silly install resolved      { 'coffee-script': '^1.9.1',
38 silly install resolved        'assert-helpers': '^1.0.0',
38 silly install resolved        joe: '^1.6.0',
38 silly install resolved        'joe-reporter-console': '^1.2.1',
38 silly install resolved        projectz: '^0.5.0',
38 silly install resolved        moment: '^2.9.0',
38 silly install resolved        'docpad-plugin-marked': '2',
38 silly install resolved        'docpad-plugin-coffeekup': '2',
38 silly install resolved        'docpad-plugin-eco': '2' },
38 silly install resolved     directories: { lib: './out/lib' },
38 silly install resolved     bin:
38 silly install resolved      { docpad: './bin/docpad',
38 silly install resolved        'docpad-compile': './bin/docpad-compile',
38 silly install resolved        'docpad-debug': './bin/docpad-debug',
38 silly install resolved        'docpad-server': './bin/docpad-server',
38 silly install resolved        'docpad-trace': './bin/docpad-trace' },
38 silly install resolved     scripts: { test: 'node ./out/test/everything-test.js' },
38 silly install resolved     main: './out/lib/docpad.js',
38 silly install resolved     cakeConfiguration: { COFFEE_SRC_PATH: 'src' },
38 silly install resolved     gitHead: '827b90184080d666ef40f3826ab5dee4218d6512',
38 silly install resolved     _id: 'docpad@6.78.1',
38 silly install resolved     _shasum: 'd856d2e578510dcba4cddcb720986c201f5109c5',
38 silly install resolved     _from: 'docpad@>=6.78.1 <6.79.0',
38 silly install resolved     _npmVersion: '2.7.0',
38 silly install resolved     _nodeVersion: '1.5.1',
38 silly install resolved     _npmUser: { name: 'balupton', email: 'b@lupton.cc' },
38 silly install resolved     dist:
38 silly install resolved      { shasum: 'd856d2e578510dcba4cddcb720986c201f5109c5',
38 silly install resolved        tarball: 'http://registry.npmjs.org/docpad/-/docpad-6.78.1.tgz' },
38 silly install resolved     _resolved: 'https://registry.npmjs.org/docpad/-/docpad-6.78.1.tgz',
38 silly install resolved     readme: 'ERROR: No README data found!' } ]
39 info install docpad@6.78.1 into /Users/divijmehra/Documents/StockRender/StockRenderHome/SR-home
40 info installOne docpad@6.78.1
41 verbose installOne of docpad to /Users/divijmehra/Documents/StockRender/StockRenderHome/SR-home not in flight; installing
42 warn locking Error: EACCES, open '/Users/divijmehra/.npm/_locks/docpad-2c30dd8a061d272e.lock'
42 warn locking     at Error (native)
42 warn locking  /Users/divijmehra/.npm/_locks/docpad-2c30dd8a061d272e.lock failed { [Error: EACCES, open '/Users/divijmehra/.npm/_locks/docpad-2c30dd8a061d272e.lock']
42 warn locking   errno: -13,
42 warn locking   code: 'EACCES',
42 warn locking   path: '/Users/divijmehra/.npm/_locks/docpad-2c30dd8a061d272e.lock' }
43 verbose stack Error: Attempt to unlock /Users/divijmehra/Documents/StockRender/StockRenderHome/SR-home/node_modules/docpad, which hasn't been locked
43 verbose stack     at unlock (/usr/local/lib/node_modules/npm/lib/utils/locker.js:66:11)
43 verbose stack     at cb (/usr/local/lib/node_modules/npm/lib/install.js:955:5)
43 verbose stack     at /usr/local/lib/node_modules/npm/lib/install.js:959:20
43 verbose stack     at /usr/local/lib/node_modules/npm/lib/utils/locker.js:40:9
43 verbose stack     at cb (/usr/local/lib/node_modules/npm/node_modules/lockfile/lockfile.js:149:38)
43 verbose stack     at /usr/local/lib/node_modules/npm/node_modules/lockfile/lockfile.js:177:38
43 verbose stack     at FSReqWrap.oncomplete (fs.js:101:15)
44 verbose cwd /Users/divijmehra/Documents/StockRender/StockRenderHome/SR-home
45 error Darwin 13.4.0
46 error argv "/usr/local/bin/node" "/usr/local/bin/npm" "install"
47 error node v0.13.0-pre
48 error npm  v2.7.0
49 error Attempt to unlock /Users/divijmehra/Documents/StockRender/StockRenderHome/SR-home/node_modules/docpad, which hasn't been locked
50 error If you need help, you may report this error at:
50 error     <http://github.com/npm/npm/issues>
51 verbose exit [ 1, true ]
